prod1:Started producer prod1
cons1:Started consumer cons1
MK:REG CART [0]
MK:REG PROD [0]
cons1:NEW CART0
MK:REJ ADD REQ [cons1][C0] Tea(name='Linden', price=9, type='Herbal')
MK:ACC PUB REQ S:PROD[0] Tea(name='Linden', price=9, type='Herbal') SLOTS [14]
MK:ACC ADD REQ [cons1][C0] Tea(name='Linden', price=9, type='Herbal')
MK:REJ ADD REQ [cons1][C0] Coffee(name='Indonezia', price=1, acidity=5.05, roast_level='MEDIUM')
MK:ACC PUB REQ S:PROD[0] Tea(name='Linden', price=9, type='Herbal') SLOTS [13]
MK:ACC PUB REQ S:PROD[0] Coffee(name='Indonezia', price=1, acidity=5.05, roast_level='MEDIUM') SLOTS [12]
MK:ACC ADD REQ [cons1][C0] Coffee(name='Indonezia', price=1, acidity=5.05, roast_level='MEDIUM')
MK:REJ ADD REQ [cons1][C0] Coffee(name='Indonezia', price=1, acidity=5.05, roast_level='MEDIUM')
MK:ACC PUB REQ S:PROD[0] Tea(name='Linden', price=9, type='Herbal') SLOTS [11]
MK:REJ ADD REQ [cons1][C0] Coffee(name='Indonezia', price=1, acidity=5.05, roast_level='MEDIUM')
MK:ACC PUB REQ S:PROD[0] Tea(name='Linden', price=9, type='Herbal') SLOTS [10]
MK:ACC PUB REQ S:PROD[0] Coffee(name='Indonezia', price=1, acidity=5.05, roast_level='MEDIUM') SLOTS [9]
MK:ACC ADD REQ [cons1][C0] Coffee(name='Indonezia', price=1, acidity=5.05, roast_level='MEDIUM')
MK:REJ ADD REQ [cons1][C0] Coffee(name='Indonezia', price=1, acidity=5.05, roast_level='MEDIUM')
MK:ACC PUB REQ S:PROD[0] Tea(name='Linden', price=9, type='Herbal') SLOTS [8]
MK:ACC PUB REQ S:PROD[0] Tea(name='Linden', price=9, type='Herbal') SLOTS [7]
MK:REJ ADD REQ [cons1][C0] Coffee(name='Indonezia', price=1, acidity=5.05, roast_level='MEDIUM')
MK:ACC PUB REQ S:PROD[0] Coffee(name='Indonezia', price=1, acidity=5.05, roast_level='MEDIUM') SLOTS [6]
MK:ACC ADD REQ [cons1][C0] Coffee(name='Indonezia', price=1, acidity=5.05, roast_level='MEDIUM')
MK:DEL REQ ([Coffee(name='Indonezia', price=1, acidity=5.05, roast_level='MEDIUM'), True], {'id': 0, 'queue': [[Tea(name='Linden', price=9, type='Herbal'), False], [Tea(name='Linden', price=9, type='Herbal'), True], [Coffee(name='Indonezia', price=1, acidity=5.05, roast_level='MEDIUM'), True], [Tea(name='Linden', price=9, type='Herbal'), True], [Tea(name='Linden', price=9, type='Herbal'), True], [Coffee(name='Indonezia', price=1, acidity=5.05, roast_level='MEDIUM'), True], [Tea(name='Linden', price=9, type='Herbal'), True], [Tea(name='Linden', price=9, type='Herbal'), True], [Coffee(name='Indonezia', price=1, acidity=5.05, roast_level='MEDIUM'), True]], 'empty_sem': <threading.Semaphore object at 0x7fbe01ef5b20>, 'full_sem': <threading.Semaphore object at 0x7fbe01f08280>})4 3
MK:
cons1 bought Tea(name='Linden', price=9, type='Herbal')
cons1 bought Coffee(name='Indonezia', price=1, acidity=5.05, roast_level='MEDIUM')
cons1 bought Coffee(name='Indonezia', price=1, acidity=5.05, roast_level='MEDIUM')

MK:LOGOUT cons1 REMAINING 0
MK:ACC PUB REQ S:PROD[0] Tea(name='Linden', price=9, type='Herbal') SLOTS [8]
